# JRE version: OpenJDK Runtime Environment (8.0_152-b01) (build 1.8.0_152-release-915-b01)
# Java VM: OpenJDK 64-Bit Server VM (25.152-b01 mixed mode linux-amd64 compressed oops)
Heap:
 PSYoungGen      total 151040K, used 15360K [0x00000000e0000000, 0x00000000eab80000, 0x0000000100000000)
  eden space 135680K, 0% used [0x00000000e0000000,0x00000000e0000000,0x00000000e8480000)
  from space 15360K, 100% used [0x00000000e8480000,0x00000000e9380000,0x00000000e9380000)
  to   space 13824K, 0% used [0x00000000e9380000,0x00000000e9380000,0x00000000ea100000)
 ParOldGen       total 38912K, used 35641K [0x00000000a0000000, 0x00000000a2600000, 0x00000000e0000000)
  object space 38912K, 91% used [0x00000000a0000000,0x00000000a22ce648,0x00000000a2600000)
 Metaspace       used 56870K, capacity 58864K, committed 58968K, reserved 1099776K
  class space    used 7737K, capacity 8262K, committed 8320K, reserved 1048576K
GC Heap History (10 events):
Event: 34.875 GC heap after
Heap after GC invocations=12 (full 1):
 PSYoungGen      total 95232K, used 5291K [0x00000000e0000000, 0x00000000e8480000, 0x0000000100000000)
  eden space 84992K, 0% used [0x00000000e0000000,0x00000000e0000000,0x00000000e5300000)
  from space 10240K, 51% used [0x00000000e5300000,0x00000000e582ad68,0x00000000e5d00000)
  to   space 9728K, 0% used [0x00000000e7b00000,0x00000000e7b00000,0x00000000e8480000)
 ParOldGen       total 25088K, used 16438K [0x00000000a0000000, 0x00000000a1880000, 0x00000000e0000000)
  object space 25088K, 65% used [0x00000000a0000000,0x00000000a100d918,0x00000000a1880000)
 Metaspace       used 34615K, capacity 35360K, committed 35416K, reserved 1079296K
  class space    used 4661K, capacity 4960K, committed 4992K, reserved 1048576K
}
Event: 34.875 GC heap before
{Heap before GC invocations=13 (full 2):
 PSYoungGen      total 95232K, used 5291K [0x00000000e0000000, 0x00000000e8480000, 0x0000000100000000)
  eden space 84992K, 0% used [0x00000000e0000000,0x00000000e0000000,0x00000000e5300000)
  from space 10240K, 51% used [0x00000000e5300000,0x00000000e582ad68,0x00000000e5d00000)
  to   space 9728K, 0% used [0x00000000e7b00000,0x00000000e7b00000,0x00000000e8480000)
 ParOldGen       total 25088K, used 16438K [0x00000000a0000000, 0x00000000a1880000, 0x00000000e0000000)
  object space 25088K, 65% used [0x00000000a0000000,0x00000000a100d918,0x00000000a1880000)
 Metaspace       used 34615K, capacity 35360K, committed 35416K, reserved 1079296K
  class space    used 4661K, capacity 4960K, committed 4992K, reserved 1048576K
Event: 35.068 GC heap after
Heap after GC invocations=13 (full 2):
 PSYoungGen      total 95232K, used 0K [0x00000000e0000000, 0x00000000e8480000, 0x0000000100000000)
  eden space 84992K, 0% used [0x00000000e0000000,0x00000000e0000000,0x00000000e5300000)
  from space 10240K, 0% used [0x00000000e5300000,0x00000000e5300000,0x00000000e5d00000)
  to   space 9728K, 0% used [0x00000000e7b00000,0x00000000e7b00000,0x00000000e8480000)
 ParOldGen       total 38912K, used 17229K [0x00000000a0000000, 0x00000000a2600000, 0x00000000e0000000)
  object space 38912K, 44% used [0x00000000a0000000,0x00000000a10d35b8,0x00000000a2600000)
 Metaspace       used 34588K, capacity 35272K, committed 35416K, reserved 1079296K
  class space    used 4653K, capacity 4952K, committed 4992K, reserved 1048576K
}
Event: 41.994 GC heap before
{Heap before GC invocations=14 (full 2):
 PSYoungGen      total 95232K, used 84992K [0x00000000e0000000, 0x00000000e8480000, 0x0000000100000000)
  eden space 84992K, 100% used [0x00000000e0000000,0x00000000e5300000,0x00000000e5300000)
  from space 10240K, 0% used [0x00000000e5300000,0x00000000e5300000,0x00000000e5d00000)
  to   space 9728K, 0% used [0x00000000e7b00000,0x00000000e7b00000,0x00000000e8480000)
 ParOldGen       total 38912K, used 17229K [0x00000000a0000000, 0x00000000a2600000, 0x00000000e0000000)
  object space 38912K, 44% used [0x00000000a0000000,0x00000000a10d35b8,0x00000000a2600000)
 Metaspace       used 43058K, capacity 43840K, committed 44248K, reserved 1087488K
  class space    used 5698K, capacity 6041K, committed 6144K, reserved 1048576K
Event: 42.035 GC heap after
Heap after GC invocations=14 (full 2):
 PSYoungGen      total 116224K, used 8474K [0x00000000e0000000, 0x00000000e8380000, 0x0000000100000000)
  eden space 107520K, 0% used [0x00000000e0000000,0x00000000e0000000,0x00000000e6900000)
  from space 8704K, 97% used [0x00000000e7b00000,0x00000000e8346908,0x00000000e8380000)
  to   space 10752K, 0% used [0x00000000e6e80000,0x00000000e6e80000,0x00000000e7900000)
 ParOldGen       total 38912K, used 17237K [0x00000000a0000000, 0x00000000a2600000, 0x00000000e0000000)
  object space 38912K, 44% used [0x00000000a0000000,0x00000000a10d55b8,0x00000000a2600000)
 Metaspace       used 43058K, capacity 43840K, committed 44248K, reserved 1087488K
  class space    used 5698K, capacity 6041K, committed 6144K, reserved 1048576K
}
Event: 47.751 GC heap before
{Heap before GC invocations=15 (full 2):
 PSYoungGen      total 116224K, used 115994K [0x00000000e0000000, 0x00000000e8380000, 0x0000000100000000)
  eden space 107520K, 100% used [0x00000000e0000000,0x00000000e6900000,0x00000000e6900000)
  from space 8704K, 97% used [0x00000000e7b00000,0x00000000e8346908,0x00000000e8380000)
  to   space 10752K, 0% used [0x00000000e6e80000,0x00000000e6e80000,0x00000000e7900000)
 ParOldGen       total 38912K, used 17237K [0x00000000a0000000, 0x00000000a2600000, 0x00000000e0000000)
  object space 38912K, 44% used [0x00000000a0000000,0x00000000a10d55b8,0x00000000a2600000)
 Metaspace       used 49401K, capacity 50490K, committed 50776K, reserved 1093632K
  class space    used 6553K, capacity 6929K, committed 7040K, reserved 1048576K
Event: 47.808 GC heap after
Heap after GC invocations=15 (full 2):
 PSYoungGen      total 123904K, used 10736K [0x00000000e0000000, 0x00000000ea100000, 0x0000000100000000)
  eden space 113152K, 0% used [0x00000000e0000000,0x00000000e0000000,0x00000000e6e80000)
  from space 10752K, 99% used [0x00000000e6e80000,0x00000000e78fc3b8,0x00000000e7900000)
  to   space 13824K, 0% used [0x00000000e9380000,0x00000000e9380000,0x00000000ea100000)
 ParOldGen       total 38912K, used 20517K [0x00000000a0000000, 0x00000000a2600000, 0x00000000e0000000)
  object space 38912K, 52% used [0x00000000a0000000,0x00000000a14094f8,0x00000000a2600000)
 Metaspace       used 49401K, capacity 50490K, committed 50776K, reserved 1093632K
  class space    used 6553K, capacity 6929K, committed 7040K, reserved 1048576K
}
Event: 57.212 GC heap before
{Heap before GC invocations=16 (full 2):
 PSYoungGen      total 123904K, used 123888K [0x00000000e0000000, 0x00000000ea100000, 0x0000000100000000)
  eden space 113152K, 100% used [0x00000000e0000000,0x00000000e6e80000,0x00000000e6e80000)
  from space 10752K, 99% used [0x00000000e6e80000,0x00000000e78fc3b8,0x00000000e7900000)
  to   space 13824K, 0% used [0x00000000e9380000,0x00000000e9380000,0x00000000ea100000)
 ParOldGen       total 38912K, used 20517K [0x00000000a0000000, 0x00000000a2600000, 0x00000000e0000000)
  object space 38912K, 52% used [0x00000000a0000000,0x00000000a14094f8,0x00000000a2600000)
 Metaspace       used 55782K, capacity 57550K, committed 57688K, reserved 1099776K
  class space    used 7529K, capacity 8024K, committed 8064K, reserved 1048576K
Event: 57.300 GC heap after
Heap after GC invocations=16 (full 2):
 PSYoungGen      total 149504K, used 12506K [0x00000000e0000000, 0x00000000eab80000, 0x0000000100000000)
  eden space 135680K, 0% used [0x00000000e0000000,0x00000000e0000000,0x00000000e8480000)
  from space 13824K, 90% used [0x00000000e9380000,0x00000000e9fb6940,0x00000000ea100000)
  to   space 15360K, 0% used [0x00000000e8480000,0x00000000e8480000,0x00000000e9380000)
 ParOldGen       total 38912K, used 30191K [0x00000000a0000000, 0x00000000a2600000, 0x00000000e0000000)
  object space 38912K, 77% used [0x00000000a0000000,0x00000000a1d7bf28,0x00000000a2600000)
 Metaspace       used 55782K, capacity 57550K, committed 57688K, reserved 1099776K
  class space    used 7529K, capacity 8024K, committed 8064K, reserved 1048576K
}
Event: 61.097 GC heap before
{Heap before GC invocations=17 (full 2):
 PSYoungGen      total 149504K, used 102462K [0x00000000e0000000, 0x00000000eab80000, 0x0000000100000000)
  eden space 135680K, 66% used [0x00000000e0000000,0x00000000e57d90f0,0x00000000e8480000)
  from space 13824K, 90% used [0x00000000e9380000,0x00000000e9fb6940,0x00000000ea100000)
  to   space 15360K, 0% used [0x00000000e8480000,0x00000000e8480000,0x00000000e9380000)
 ParOldGen       total 38912K, used 30191K [0x00000000a0000000, 0x00000000a2600000, 0x00000000e0000000)
  object space 38912K, 77% used [0x00000000a0000000,0x00000000a1d7bf28,0x00000000a2600000)
 Metaspace       used 56870K, capacity 58864K, committed 58968K, reserved 1099776K
  class space    used 7737K, capacity 8262K, committed 8320K, reserved 1048576K

