# JRE version: OpenJDK Runtime Environment (8.0_152-b01) (build 1.8.0_152-release-915-b01)
# Java VM: OpenJDK 64-Bit Server VM (25.152-b01 mixed mode linux-amd64 compressed oops)
Heap:
 PSYoungGen      total 290816K, used 36556K [0x00000000e0000000, 0x00000000f5c00000, 0x0000000100000000)
  eden space 230912K, 0% used [0x00000000e0000000,0x00000000e0000000,0x00000000ee180000)
  from space 59904K, 61% used [0x00000000ee180000,0x00000000f0533350,0x00000000f1c00000)
  to   space 56320K, 0% used [0x00000000f1c00000,0x00000000f1c00000,0x00000000f5300000)
 ParOldGen       total 75264K, used 67134K [0x00000000a0000000, 0x00000000a4980000, 0x00000000e0000000)
  object space 75264K, 89% used [0x00000000a0000000,0x00000000a418fb10,0x00000000a4980000)
 Metaspace       used 92932K, capacity 98182K, committed 98304K, reserved 1134592K
  class space    used 11793K, capacity 12968K, committed 13056K, reserved 1048576K
GC Heap History (10 events):
Event: 2678.405 GC heap after
Heap after GC invocations=29 (full 3):
 PSYoungGen      total 223744K, used 44644K [0x00000000e0000000, 0x00000000f2b80000, 0x0000000100000000)
  eden space 178688K, 0% used [0x00000000e0000000,0x00000000e0000000,0x00000000eae80000)
  from space 45056K, 99% used [0x00000000ee180000,0x00000000f0d19188,0x00000000f0d80000)
  to   space 52224K, 0% used [0x00000000eae80000,0x00000000eae80000,0x00000000ee180000)
 ParOldGen       total 75264K, used 45836K [0x00000000a0000000, 0x00000000a4980000, 0x00000000e0000000)
  object space 75264K, 60% used [0x00000000a0000000,0x00000000a2cc3150,0x00000000a4980000)
 Metaspace       used 81795K, capacity 86230K, committed 86272K, reserved 1124352K
  class space    used 10461K, capacity 11486K, committed 11520K, reserved 1048576K
}
Event: 2779.276 GC heap before
{Heap before GC invocations=30 (full 3):
 PSYoungGen      total 223744K, used 223332K [0x00000000e0000000, 0x00000000f2b80000, 0x0000000100000000)
  eden space 178688K, 100% used [0x00000000e0000000,0x00000000eae80000,0x00000000eae80000)
  from space 45056K, 99% used [0x00000000ee180000,0x00000000f0d19188,0x00000000f0d80000)
  to   space 52224K, 0% used [0x00000000eae80000,0x00000000eae80000,0x00000000ee180000)
 ParOldGen       total 75264K, used 45836K [0x00000000a0000000, 0x00000000a4980000, 0x00000000e0000000)
  object space 75264K, 60% used [0x00000000a0000000,0x00000000a2cc3150,0x00000000a4980000)
 Metaspace       used 85634K, capacity 90336K, committed 90368K, reserved 1128448K
  class space    used 10941K, capacity 12023K, committed 12032K, reserved 1048576K
Event: 2780.211 GC heap after
Heap after GC invocations=30 (full 3):
 PSYoungGen      total 230912K, used 37366K [0x00000000e0000000, 0x00000000f3400000, 0x0000000100000000)
  eden space 178688K, 0% used [0x00000000e0000000,0x00000000e0000000,0x00000000eae80000)
  from space 52224K, 71% used [0x00000000eae80000,0x00000000ed2fda48,0x00000000ee180000)
  to   space 55296K, 0% used [0x00000000efe00000,0x00000000efe00000,0x00000000f3400000)
 ParOldGen       total 75264K, used 57236K [0x00000000a0000000, 0x00000000a4980000, 0x00000000e0000000)
  object space 75264K, 76% used [0x00000000a0000000,0x00000000a37e51f0,0x00000000a4980000)
 Metaspace       used 85634K, capacity 90336K, committed 90368K, reserved 1128448K
  class space    used 10941K, capacity 12023K, committed 12032K, reserved 1048576K
}
Event: 2791.747 GC heap before
{Heap before GC invocations=31 (full 3):
 PSYoungGen      total 230912K, used 216054K [0x00000000e0000000, 0x00000000f3400000, 0x0000000100000000)
  eden space 178688K, 100% used [0x00000000e0000000,0x00000000eae80000,0x00000000eae80000)
  from space 52224K, 71% used [0x00000000eae80000,0x00000000ed2fda48,0x00000000ee180000)
  to   space 55296K, 0% used [0x00000000efe00000,0x00000000efe00000,0x00000000f3400000)
 ParOldGen       total 75264K, used 57236K [0x00000000a0000000, 0x00000000a4980000, 0x00000000e0000000)
  object space 75264K, 76% used [0x00000000a0000000,0x00000000a37e51f0,0x00000000a4980000)
 Metaspace       used 85768K, capacity 90522K, committed 90752K, reserved 1128448K
  class space    used 10949K, capacity 12034K, committed 12160K, reserved 1048576K
Event: 2791.920 GC heap after
Heap after GC invocations=31 (full 3):
 PSYoungGen      total 259072K, used 32871K [0x00000000e0000000, 0x00000000f3680000, 0x0000000100000000)
  eden space 203776K, 0% used [0x00000000e0000000,0x00000000e0000000,0x00000000ec700000)
  from space 55296K, 59% used [0x00000000efe00000,0x00000000f1e19f88,0x00000000f3400000)
  to   space 56320K, 0% used [0x00000000ec700000,0x00000000ec700000,0x00000000efe00000)
 ParOldGen       total 75264K, used 59732K [0x00000000a0000000, 0x00000000a4980000, 0x00000000e0000000)
  object space 75264K, 79% used [0x00000000a0000000,0x00000000a3a551f0,0x00000000a4980000)
 Metaspace       used 85768K, capacity 90522K, committed 90752K, reserved 1128448K
  class space    used 10949K, capacity 12034K, committed 12160K, reserved 1048576K
}
Event: 3520.975 GC heap before
{Heap before GC invocations=32 (full 3):
 PSYoungGen      total 259072K, used 236647K [0x00000000e0000000, 0x00000000f3680000, 0x0000000100000000)
  eden space 203776K, 100% used [0x00000000e0000000,0x00000000ec700000,0x00000000ec700000)
  from space 55296K, 59% used [0x00000000efe00000,0x00000000f1e19f88,0x00000000f3400000)
  to   space 56320K, 0% used [0x00000000ec700000,0x00000000ec700000,0x00000000efe00000)
 ParOldGen       total 75264K, used 59732K [0x00000000a0000000, 0x00000000a4980000, 0x00000000e0000000)
  object space 75264K, 79% used [0x00000000a0000000,0x00000000a3a551f0,0x00000000a4980000)
 Metaspace       used 86589K, capacity 91776K, committed 91904K, reserved 1128448K
  class space    used 11061K, capacity 12219K, committed 12288K, reserved 1048576K
Event: 3530.804 GC heap after
Heap after GC invocations=32 (full 3):
 PSYoungGen      total 260096K, used 32679K [0x00000000e0000000, 0x00000000f5300000, 0x0000000100000000)
  eden space 203776K, 0% used [0x00000000e0000000,0x00000000e0000000,0x00000000ec700000)
  from space 56320K, 58% used [0x00000000ec700000,0x00000000ee6e9f58,0x00000000efe00000)
  to   space 56320K, 0% used [0x00000000f1c00000,0x00000000f1c00000,0x00000000f5300000)
 ParOldGen       total 75264K, used 61428K [0x00000000a0000000, 0x00000000a4980000, 0x00000000e0000000)
  object space 75264K, 81% used [0x00000000a0000000,0x00000000a3bfd1f0,0x00000000a4980000)
 Metaspace       used 86589K, capacity 91776K, committed 91904K, reserved 1128448K
  class space    used 11061K, capacity 12219K, committed 12288K, reserved 1048576K
}
Event: 3626.365 GC heap before
{Heap before GC invocations=33 (full 3):
 PSYoungGen      total 260096K, used 236455K [0x00000000e0000000, 0x00000000f5300000, 0x0000000100000000)
  eden space 203776K, 100% used [0x00000000e0000000,0x00000000ec700000,0x00000000ec700000)
  from space 56320K, 58% used [0x00000000ec700000,0x00000000ee6e9f58,0x00000000efe00000)
  to   space 56320K, 0% used [0x00000000f1c00000,0x00000000f1c00000,0x00000000f5300000)
 ParOldGen       total 75264K, used 61428K [0x00000000a0000000, 0x00000000a4980000, 0x00000000e0000000)
  object space 75264K, 81% used [0x00000000a0000000,0x00000000a3bfd1f0,0x00000000a4980000)
 Metaspace       used 92311K, capacity 97492K, committed 97664K, reserved 1134592K
  class space    used 11696K, capacity 12863K, committed 12928K, reserved 1048576K
Event: 3628.581 GC heap after
Heap after GC invocations=33 (full 3):
 PSYoungGen      total 287232K, used 41021K [0x00000000e0000000, 0x00000000f5c00000, 0x0000000100000000)
  eden space 230912K, 0% used [0x00000000e0000000,0x00000000e0000000,0x00000000ee180000)
  from space 56320K, 72% used [0x00000000f1c00000,0x00000000f440f780,0x00000000f5300000)
  to   space 59904K, 0% used [0x00000000ee180000,0x00000000ee180000,0x00000000f1c00000)
 ParOldGen       total 75264K, used 63348K [0x00000000a0000000, 0x00000000a4980000, 0x00000000e0000000)
  object space 75264K, 84% used [0x00000000a0000000,0x00000000a3ddd200,0x00000000a4980000)
 Metaspace       used 92311K, capacity 97492K, committed 97664K, reserved 1134592K
  class space    used 11696K, capacity 12863K, committed 12928K, reserved 1048576K
}
Event: 3643.735 GC heap before
{Heap before GC invocations=34 (full 3):
 PSYoungGen      total 287232K, used 62858K [0x00000000e0000000, 0x00000000f5c00000, 0x0000000100000000)
  eden space 230912K, 9% used [0x00000000e0000000,0x00000000e1553330,0x00000000ee180000)
  from space 56320K, 72% used [0x00000000f1c00000,0x00000000f440f780,0x00000000f5300000)
  to   space 59904K, 0% used [0x00000000ee180000,0x00000000ee180000,0x00000000f1c00000)
 ParOldGen       total 75264K, used 63348K [0x00000000a0000000, 0x00000000a4980000, 0x00000000e0000000)
  object space 75264K, 84% used [0x00000000a0000000,0x00000000a3ddd200,0x00000000a4980000)
 Metaspace       used 92932K, capacity 98182K, committed 98304K, reserved 1134592K
  class space    used 11793K, capacity 12968K, committed 13056K, reserved 1048576K

